<?xml version="1.0" encoding="UTF-8"?>
<testsuite xmlns:xsi="http://www.w3.org/2001/XMLSchema-instance" xsi:noNamespaceSchemaLocation="https://maven.apache.org/surefire/maven-surefire-plugin/xsd/surefire-test-report.xsd" name="com.client.manager.SpringBootApiRestApplicationTests" time="0.641" tests="1" errors="1" skipped="0" failures="0">
  <properties>
[...]
</properties>
  <testcase name="initializationError" classname="com.client.manager.SpringBootApiRestApplicationTests" time="0">
    <error message="Unable to find a @SpringBootConfiguration, you need to use @ContextConfiguration or @SpringBootTest(classes=...) with your test" type="java.lang.IllegalStateException">java.lang.IllegalStateException: Unable to find a @SpringBootConfiguration, you need to use @ContextConfiguration or @SpringBootTest(classes=...) with your test
</error>
    <system-out><![CDATA[18:29:26.059 [main] DEBUG org.springframework.test.context.junit4.SpringJUnit4ClassRunner - SpringJUnit4ClassRunner constructor called with [class com.client.manager.SpringBootApiRestApplicationTests]
18:29:26.066 [main] DEBUG org.springframework.test.context.BootstrapUtils - Instantiating CacheAwareContextLoaderDelegate from class [org.springframework.test.context.cache.DefaultCacheAwareContextLoaderDelegate]
18:29:26.070 [main] DEBUG org.springframework.test.context.BootstrapUtils - Instantiating BootstrapContext using constructor [public org.springframework.test.context.support.DefaultBootstrapContext(java.lang.Class,org.springframework.test.context.CacheAwareContextLoaderDelegate)]
18:29:26.106 [main] DEBUG org.springframework.test.context.BootstrapUtils - Instantiating TestContextBootstrapper for test class [com.client.manager.SpringBootApiRestApplicationTests] from class [org.springframework.boot.test.context.SpringBootTestContextBootstrapper]
18:29:26.139 [main] INFO org.springframework.boot.test.context.SpringBootTestContextBootstrapper - Neither @ContextConfiguration nor @ContextHierarchy found for test class [com.client.manager.SpringBootApiRestApplicationTests], using SpringBootContextLoader
18:29:26.143 [main] DEBUG org.springframework.test.context.support.AbstractContextLoader - Did not detect default resource location for test class [com.client.manager.SpringBootApiRestApplicationTests]: class path resource [com/client/manager/SpringBootApiRestApplicationTests-context.xml] does not exist
18:29:26.144 [main] DEBUG org.springframework.test.context.support.AbstractContextLoader - Did not detect default resource location for test class [com.client.manager.SpringBootApiRestApplicationTests]: class path resource [com/client/manager/SpringBootApiRestApplicationTestsContext.groovy] does not exist
18:29:26.144 [main] INFO org.springframework.test.context.support.AbstractContextLoader - Could not detect default resource locations for test class [com.client.manager.SpringBootApiRestApplicationTests]: no resource found for suffixes {-context.xml, Context.groovy}.
18:29:26.145 [main] INFO org.springframework.test.context.support.AnnotationConfigContextLoaderUtils - Could not detect default configuration classes for test class [com.client.manager.SpringBootApiRestApplicationTests]: SpringBootApiRestApplicationTests does not declare any static, non-private, non-final, nested classes annotated with @Configuration.
18:29:26.195 [main] DEBUG org.springframework.test.context.support.ActiveProfilesUtils - Could not find an 'annotation declaring class' for annotation type [org.springframework.test.context.ActiveProfiles] and class [com.client.manager.SpringBootApiRestApplicationTests]
]]></system-out>
  </testcase>
</testsuite>